<?xml version="1.0" encoding="UTF-8"?>
<testng-results ignored="0" total="1" passed="1" failed="0" skipped="0">
  <reporter-output>
  </reporter-output>
  <suite started-at="2020-08-05T03:35:46Z" name="Suite" finished-at="2020-08-05T03:36:24Z" duration-ms="38077">
    <groups>
    </groups>
    <test started-at="2020-08-05T03:35:46Z" name="myaccountlogin" finished-at="2020-08-05T03:36:24Z" duration-ms="38077">
      <class name="com.YATRAProjectNCR.LoginTest">
        <test-method is-config="true" signature="initialTest()[pri:0, instance:com.YATRAProjectNCR.LoginTest@757277dc]" started-at="2020-08-05T03:35:46Z" name="initialTest" finished-at="2020-08-05T03:36:18Z" duration-ms="32112" status="PASS">
          <reporter-output>
          </reporter-output>
        </test-method> <!-- initialTest -->
        <test-method signature="MyAccountLogin()[pri:0, instance:com.YATRAProjectNCR.LoginTest@757277dc]" started-at="2020-08-05T03:36:18Z" name="MyAccountLogin" finished-at="2020-08-05T03:36:24Z" duration-ms="5710" status="PASS">
          <reporter-output>
          </reporter-output>
        </test-method> <!-- MyAccountLogin -->
      </class> <!-- com.YATRAProjectNCR.LoginTest -->
    </test> <!-- myaccountlogin -->
  </suite> <!-- Suite -->
</testng-results>
